D:\FCIS\SFML 2.0\SFML 2.0\DEBUG\TUT12.OBJ
D:\FCIS\SFML 2.0\SFML 2.0\DEBUG\VC110.PDB
D:\FCIS\SFML 2.0\SFML 2.0\DEBUG\TUT11.OBJ
D:\FCIS\SFML 2.0\SFML 2.0\DEBUG\MAIN.OBJ
D:\FCIS\SFML 2.0\SFML 2.0\DEBUG\TUT12 (1).OBJ
D:\FCIS\SFML 2.0\SFML 2.0\DEBUG\TEST.OBJ
D:\FCIS\SFML 2.0\SFML 2.0\DEBUG\JUMP TEST.OBJ
D:\FCIS\SFML 2.0\SFML 2.0\DEBUG\SCREENMANAGER.OBJ
D:\FCIS\SFML 2.0\SFML 2.0\DEBUG\SOURCE.OBJ
D:\FCIS\SFML 2.0\DEBUG\SFML 2.0.ILK
D:\FCIS\SFML 2.0\DEBUG\SFML 2.0.EXE
D:\FCIS\SFML 2.0\DEBUG\SFML 2.0.PDB
D:\FCIS\SFML 2.0\SFML 2.0\Debug\Jump Test.obj
D:\FCIS\SFML 2.0\SFML 2.0\Debug\Main.obj
D:\FCIS\SFML 2.0\SFML 2.0\Debug\ScreenManager.obj
D:\FCIS\SFML 2.0\SFML 2.0\Debug\Source.obj
D:\FCIS\SFML 2.0\SFML 2.0\Debug\Test.obj
D:\FCIS\SFML 2.0\SFML 2.0\Debug\Tut11.obj
D:\FCIS\SFML 2.0\SFML 2.0\Debug\Tut12 (1).obj
D:\FCIS\SFML 2.0\SFML 2.0\Debug\Tut12.obj
D:\FCIS\SFML 2.0\SFML 2.0\Debug\cl.command.1.tlog
D:\FCIS\SFML 2.0\SFML 2.0\Debug\CL.read.1.tlog
D:\FCIS\SFML 2.0\SFML 2.0\Debug\CL.write.1.tlog
D:\FCIS\SFML 2.0\SFML 2.0\Debug\link-cvtres.read.1.tlog
D:\FCIS\SFML 2.0\SFML 2.0\Debug\link-cvtres.write.1.tlog
D:\FCIS\SFML 2.0\SFML 2.0\Debug\link-rc.read.1.tlog
D:\FCIS\SFML 2.0\SFML 2.0\Debug\link-rc.write.1.tlog
D:\FCIS\SFML 2.0\SFML 2.0\Debug\link.10392-cvtres.read.1.tlog
D:\FCIS\SFML 2.0\SFML 2.0\Debug\link.10392-cvtres.write.1.tlog
D:\FCIS\SFML 2.0\SFML 2.0\Debug\link.10392-rc.read.1.tlog
D:\FCIS\SFML 2.0\SFML 2.0\Debug\link.10392-rc.write.1.tlog
D:\FCIS\SFML 2.0\SFML 2.0\Debug\link.10392.read.1.tlog
D:\FCIS\SFML 2.0\SFML 2.0\Debug\link.10392.write.1.tlog
D:\FCIS\SFML 2.0\SFML 2.0\Debug\link.13144-cvtres.read.1.tlog
D:\FCIS\SFML 2.0\SFML 2.0\Debug\link.13144-cvtres.write.1.tlog
D:\FCIS\SFML 2.0\SFML 2.0\Debug\link.13144-rc.read.1.tlog
D:\FCIS\SFML 2.0\SFML 2.0\Debug\link.13144-rc.write.1.tlog
D:\FCIS\SFML 2.0\SFML 2.0\Debug\link.13144.read.1.tlog
D:\FCIS\SFML 2.0\SFML 2.0\Debug\link.13144.write.1.tlog
D:\FCIS\SFML 2.0\SFML 2.0\Debug\link.13184-cvtres.read.1.tlog
D:\FCIS\SFML 2.0\SFML 2.0\Debug\link.13184-cvtres.write.1.tlog
D:\FCIS\SFML 2.0\SFML 2.0\Debug\link.13184-rc.read.1.tlog
D:\FCIS\SFML 2.0\SFML 2.0\Debug\link.13184-rc.write.1.tlog
D:\FCIS\SFML 2.0\SFML 2.0\Debug\link.13184.read.1.tlog
D:\FCIS\SFML 2.0\SFML 2.0\Debug\link.13184.write.1.tlog
D:\FCIS\SFML 2.0\SFML 2.0\Debug\link.13512-cvtres.read.1.tlog
D:\FCIS\SFML 2.0\SFML 2.0\Debug\link.13512-cvtres.write.1.tlog
D:\FCIS\SFML 2.0\SFML 2.0\Debug\link.13512-rc.read.1.tlog
D:\FCIS\SFML 2.0\SFML 2.0\Debug\link.13512-rc.write.1.tlog
D:\FCIS\SFML 2.0\SFML 2.0\Debug\link.13512.read.1.tlog
D:\FCIS\SFML 2.0\SFML 2.0\Debug\link.13512.write.1.tlog
D:\FCIS\SFML 2.0\SFML 2.0\Debug\link.13668-cvtres.read.1.tlog
D:\FCIS\SFML 2.0\SFML 2.0\Debug\link.13668-cvtres.write.1.tlog
D:\FCIS\SFML 2.0\SFML 2.0\Debug\link.13668-rc.read.1.tlog
D:\FCIS\SFML 2.0\SFML 2.0\Debug\link.13668-rc.write.1.tlog
D:\FCIS\SFML 2.0\SFML 2.0\Debug\link.13668.read.1.tlog
D:\FCIS\SFML 2.0\SFML 2.0\Debug\link.13668.write.1.tlog
D:\FCIS\SFML 2.0\SFML 2.0\Debug\link.14708-cvtres.read.1.tlog
D:\FCIS\SFML 2.0\SFML 2.0\Debug\link.14708-cvtres.write.1.tlog
D:\FCIS\SFML 2.0\SFML 2.0\Debug\link.14708-rc.read.1.tlog
D:\FCIS\SFML 2.0\SFML 2.0\Debug\link.14708-rc.write.1.tlog
D:\FCIS\SFML 2.0\SFML 2.0\Debug\link.14708.read.1.tlog
D:\FCIS\SFML 2.0\SFML 2.0\Debug\link.14708.write.1.tlog
D:\FCIS\SFML 2.0\SFML 2.0\Debug\link.15560-cvtres.read.1.tlog
D:\FCIS\SFML 2.0\SFML 2.0\Debug\link.15560-cvtres.write.1.tlog
D:\FCIS\SFML 2.0\SFML 2.0\Debug\link.15560-rc.read.1.tlog
D:\FCIS\SFML 2.0\SFML 2.0\Debug\link.15560-rc.write.1.tlog
D:\FCIS\SFML 2.0\SFML 2.0\Debug\link.15560.read.1.tlog
D:\FCIS\SFML 2.0\SFML 2.0\Debug\link.15560.write.1.tlog
D:\FCIS\SFML 2.0\SFML 2.0\Debug\link.16632-cvtres.read.1.tlog
D:\FCIS\SFML 2.0\SFML 2.0\Debug\link.16632-cvtres.write.1.tlog
D:\FCIS\SFML 2.0\SFML 2.0\Debug\link.16632-rc.read.1.tlog
D:\FCIS\SFML 2.0\SFML 2.0\Debug\link.16632-rc.write.1.tlog
D:\FCIS\SFML 2.0\SFML 2.0\Debug\link.16632.read.1.tlog
D:\FCIS\SFML 2.0\SFML 2.0\Debug\link.16632.write.1.tlog
D:\FCIS\SFML 2.0\SFML 2.0\Debug\link.2684-cvtres.read.1.tlog
D:\FCIS\SFML 2.0\SFML 2.0\Debug\link.2684-cvtres.write.1.tlog
D:\FCIS\SFML 2.0\SFML 2.0\Debug\link.2684-rc.read.1.tlog
D:\FCIS\SFML 2.0\SFML 2.0\Debug\link.2684-rc.write.1.tlog
D:\FCIS\SFML 2.0\SFML 2.0\Debug\link.2684.read.1.tlog
D:\FCIS\SFML 2.0\SFML 2.0\Debug\link.2684.write.1.tlog
D:\FCIS\SFML 2.0\SFML 2.0\Debug\link.3168-cvtres.read.1.tlog
D:\FCIS\SFML 2.0\SFML 2.0\Debug\link.3168-cvtres.write.1.tlog
D:\FCIS\SFML 2.0\SFML 2.0\Debug\link.3168-rc.read.1.tlog
D:\FCIS\SFML 2.0\SFML 2.0\Debug\link.3168-rc.write.1.tlog
D:\FCIS\SFML 2.0\SFML 2.0\Debug\link.3168.read.1.tlog
D:\FCIS\SFML 2.0\SFML 2.0\Debug\link.3168.write.1.tlog
D:\FCIS\SFML 2.0\SFML 2.0\Debug\link.3572-cvtres.read.1.tlog
D:\FCIS\SFML 2.0\SFML 2.0\Debug\link.3572-cvtres.write.1.tlog
D:\FCIS\SFML 2.0\SFML 2.0\Debug\link.3572-rc.read.1.tlog
D:\FCIS\SFML 2.0\SFML 2.0\Debug\link.3572-rc.write.1.tlog
D:\FCIS\SFML 2.0\SFML 2.0\Debug\link.3572.read.1.tlog
D:\FCIS\SFML 2.0\SFML 2.0\Debug\link.3572.write.1.tlog
D:\FCIS\SFML 2.0\SFML 2.0\Debug\link.6480-cvtres.read.1.tlog
D:\FCIS\SFML 2.0\SFML 2.0\Debug\link.6480-cvtres.write.1.tlog
D:\FCIS\SFML 2.0\SFML 2.0\Debug\link.6480-rc.read.1.tlog
D:\FCIS\SFML 2.0\SFML 2.0\Debug\link.6480-rc.write.1.tlog
D:\FCIS\SFML 2.0\SFML 2.0\Debug\link.6480.read.1.tlog
D:\FCIS\SFML 2.0\SFML 2.0\Debug\link.6480.write.1.tlog
D:\FCIS\SFML 2.0\SFML 2.0\Debug\link.8492-cvtres.read.1.tlog
D:\FCIS\SFML 2.0\SFML 2.0\Debug\link.8492-cvtres.write.1.tlog
D:\FCIS\SFML 2.0\SFML 2.0\Debug\link.8492-rc.read.1.tlog
D:\FCIS\SFML 2.0\SFML 2.0\Debug\link.8492-rc.write.1.tlog
D:\FCIS\SFML 2.0\SFML 2.0\Debug\link.8492.read.1.tlog
D:\FCIS\SFML 2.0\SFML 2.0\Debug\link.8492.write.1.tlog
D:\FCIS\SFML 2.0\SFML 2.0\Debug\link.8756-cvtres.read.1.tlog
D:\FCIS\SFML 2.0\SFML 2.0\Debug\link.8756-cvtres.write.1.tlog
D:\FCIS\SFML 2.0\SFML 2.0\Debug\link.8756-rc.read.1.tlog
D:\FCIS\SFML 2.0\SFML 2.0\Debug\link.8756-rc.write.1.tlog
D:\FCIS\SFML 2.0\SFML 2.0\Debug\link.8756.read.1.tlog
D:\FCIS\SFML 2.0\SFML 2.0\Debug\link.8756.write.1.tlog
D:\FCIS\SFML 2.0\SFML 2.0\Debug\link.8792-cvtres.read.1.tlog
D:\FCIS\SFML 2.0\SFML 2.0\Debug\link.8792-cvtres.write.1.tlog
D:\FCIS\SFML 2.0\SFML 2.0\Debug\link.8792-rc.read.1.tlog
D:\FCIS\SFML 2.0\SFML 2.0\Debug\link.8792-rc.write.1.tlog
D:\FCIS\SFML 2.0\SFML 2.0\Debug\link.8792.read.1.tlog
D:\FCIS\SFML 2.0\SFML 2.0\Debug\link.8792.write.1.tlog
D:\FCIS\SFML 2.0\SFML 2.0\Debug\link.8904-cvtres.read.1.tlog
D:\FCIS\SFML 2.0\SFML 2.0\Debug\link.8904-cvtres.write.1.tlog
D:\FCIS\SFML 2.0\SFML 2.0\Debug\link.8904-rc.read.1.tlog
D:\FCIS\SFML 2.0\SFML 2.0\Debug\link.8904-rc.write.1.tlog
D:\FCIS\SFML 2.0\SFML 2.0\Debug\link.8904.read.1.tlog
D:\FCIS\SFML 2.0\SFML 2.0\Debug\link.8904.write.1.tlog
D:\FCIS\SFML 2.0\SFML 2.0\Debug\link.8908-cvtres.read.1.tlog
D:\FCIS\SFML 2.0\SFML 2.0\Debug\link.8908-cvtres.write.1.tlog
D:\FCIS\SFML 2.0\SFML 2.0\Debug\link.8908-rc.read.1.tlog
D:\FCIS\SFML 2.0\SFML 2.0\Debug\link.8908-rc.write.1.tlog
D:\FCIS\SFML 2.0\SFML 2.0\Debug\link.8908.read.1.tlog
D:\FCIS\SFML 2.0\SFML 2.0\Debug\link.8908.write.1.tlog
D:\FCIS\SFML 2.0\SFML 2.0\Debug\link.8960-cvtres.read.1.tlog
D:\FCIS\SFML 2.0\SFML 2.0\Debug\link.8960-cvtres.write.1.tlog
D:\FCIS\SFML 2.0\SFML 2.0\Debug\link.8960-rc.read.1.tlog
D:\FCIS\SFML 2.0\SFML 2.0\Debug\link.8960-rc.write.1.tlog
D:\FCIS\SFML 2.0\SFML 2.0\Debug\link.8960.read.1.tlog
D:\FCIS\SFML 2.0\SFML 2.0\Debug\link.8960.write.1.tlog
D:\FCIS\SFML 2.0\SFML 2.0\Debug\link.9312-cvtres.read.1.tlog
D:\FCIS\SFML 2.0\SFML 2.0\Debug\link.9312-cvtres.write.1.tlog
D:\FCIS\SFML 2.0\SFML 2.0\Debug\link.9312-rc.read.1.tlog
D:\FCIS\SFML 2.0\SFML 2.0\Debug\link.9312-rc.write.1.tlog
D:\FCIS\SFML 2.0\SFML 2.0\Debug\link.9312.read.1.tlog
D:\FCIS\SFML 2.0\SFML 2.0\Debug\link.9312.write.1.tlog
D:\FCIS\SFML 2.0\SFML 2.0\Debug\link.command.1.tlog
D:\FCIS\SFML 2.0\SFML 2.0\Debug\link.read.1.tlog
D:\FCIS\SFML 2.0\SFML 2.0\Debug\link.write.1.tlog
D:\FCIS\SFML 2.0\SFML 2.0\Debug\vc110.idb
D:\FCIS\SFML 2.0\SFML 2.0\Debug\vc110.pdb
D:\FCIS\SFML 2.0\Debug\SFML 2.0.pdb
D:\FCIS\SFML 2.0\Debug\SFML 2.0.exe
D:\FCIS\SFML 2.0\Debug\SFML 2.0.ilk
